#
# A fatal error has been detected by the Java Runtime Environment:
#
#  Internal Error (safepoint.cpp:310), pid=51755, tid=0x0000000000002c03
#  guarantee(PageArmed == 0) failed: invariant
#
# JRE version: Java(TM) SE Runtime Environment (8.0_144-b01) (build 1.8.0_144-b01)
# Java VM: Java HotSpot(TM) 64-Bit Server VM (25.144-b01 mixed mode bsd-amd64 compressed oops)
# Failed to write core dump. Core dumps have been disabled. To enable core dumping, try "ulimit -c unlimited" before starting Java again
#
# If you would like to submit a bug report, please visit:
#   http://bugreport.java.com/bugreport/crash.jsp
#

---------------  T H R E A D  ---------------

Current thread (0x00007fb51c025000):  VMThread [stack: 0x000070000d8a7000,0x000070000d9a7000] [id=11267]

Stack: [0x000070000d8a7000,0x000070000d9a7000],  sp=0x000070000d9a6910,  free space=1022k
Native frames: (J=compiled Java code, j=interpreted, Vv=VM code, C=native code)
V  [libjvm.dylib+0x5b1ed6]
V  [libjvm.dylib+0x1e8375]
V  [libjvm.dylib+0x4e2cbe]
V  [libjvm.dylib+0x5b8513]
V  [libjvm.dylib+0x5b7e41]
V  [libjvm.dylib+0x48baee]
C  [libsystem_pthread.dylib+0x36c1]  _pthread_body+0x154
C  [libsystem_pthread.dylib+0x356d]  _pthread_body+0x0
C  [libsystem_pthread.dylib+0x2c5d]  thread_start+0xd

VM_Operation (0x00007fb51a710600): EnableBiasedLocking, mode: async safepoint, requested by thread 0x00007fb51b827800


---------------  P R O C E S S  ---------------

Java Threads: ( => current thread )
  0x00007fb51b828000 JavaThread "ForkJoinPool-1-worker-0" daemon [_thread_blocked, id=16135, stack(0x000070000e5ce000,0x000070000e6ce000)]
  0x00007fb51a965800 JavaThread "ForkJoinPool-1-worker-3" daemon [_thread_blocked, id=16647, stack(0x000070000e4cb000,0x000070000e5cb000)]
  0x00007fb51a8e2000 JavaThread "ForkJoinPool-1-worker-2" daemon [_thread_blocked, id=16903, stack(0x000070000e3c8000,0x000070000e4c8000)]
  0x00007fb51b06e800 JavaThread "ForkJoinPool-1-worker-1" daemon [_thread_blocked, id=16391, stack(0x000070000e2c5000,0x000070000e3c5000)]
  0x00007fb51a810000 JavaThread "Service Thread" daemon [_thread_blocked, id=14851, stack(0x000070000e0bf000,0x000070000e1bf000)]
  0x00007fb51b03f800 JavaThread "C1 CompilerThread2" daemon [_thread_blocked, id=17923, stack(0x000070000dfbc000,0x000070000e0bc000)]
  0x00007fb51b03f000 JavaThread "C2 CompilerThread1" daemon [_thread_blocked, id=18179, stack(0x000070000deb9000,0x000070000dfb9000)]
  0x00007fb51b03e000 JavaThread "C2 CompilerThread0" daemon [_thread_blocked, id=18691, stack(0x000070000ddb6000,0x000070000deb6000)]
  0x00007fb51b030800 JavaThread "Monitor Ctrl-Break" daemon [_thread_in_native, id=19203, stack(0x000070000dcb3000,0x000070000ddb3000)]
  0x00007fb51c01a800 JavaThread "Signal Dispatcher" daemon [_thread_blocked, id=14087, stack(0x000070000dbb0000,0x000070000dcb0000)]
  0x00007fb51a803800 JavaThread "Finalizer" daemon [_thread_blocked, id=20739, stack(0x000070000daad000,0x000070000dbad000)]
  0x00007fb51a803000 JavaThread "Reference Handler" daemon [_thread_blocked, id=11779, stack(0x000070000d9aa000,0x000070000daaa000)]
  0x00007fb51c002800 JavaThread "main" [_thread_in_Java, id=10243, stack(0x000070000d398000,0x000070000d498000)]

Other Threads:
=>0x00007fb51c025000 VMThread [stack: 0x000070000d8a7000,0x000070000d9a7000] [id=11267]
  0x00007fb51b827800 WatcherThread [stack: 0x000070000e1c2000,0x000070000e2c2000] [id=17411]

VM state:synchronizing (normal execution)

VM Mutex/Monitor currently owned by a thread:  ([mutex/lock_event])
[0x00007fb51a701af0] Safepoint_lock - owner thread: 0x00007fb51c025000
[0x00007fb51a701b70] Threads_lock - owner thread: 0x00007fb51c025000

Heap:
 PSYoungGen      total 233472K, used 163431K [0x0000000795580000, 0x00000007a4280000, 0x00000007c0000000)
  eden space 232448K, 69% used [0x0000000795580000,0x000000079f4430a8,0x00000007a3880000)
  from space 1024K, 83% used [0x00000007a4180000,0x00000007a4256be0,0x00000007a4280000)
  to   space 3072K, 0% used [0x00000007a3c80000,0x00000007a3c80000,0x00000007a3f80000)
 ParOldGen       total 92672K, used 45071K [0x0000000740000000, 0x0000000745a80000, 0x0000000795580000)
  object space 92672K, 48% used [0x0000000740000000,0x0000000742c03ea0,0x0000000745a80000)
 Metaspace       used 4564K, capacity 4822K, committed 4992K, reserved 1056768K
  class space    used 507K, capacity 564K, committed 640K, reserved 1048576K

Card table byte_map: [0x00000001021d8000,0x00000001025d9000] byte_map_base: 0x00000000fe7d8000

Marking Bits: (ParMarkBitMap*) 0x00000001016f35d0
 Begin Bits: [0x0000000113530000, 0x0000000115530000)
 End Bits:   [0x0000000115530000, 0x0000000117530000)

Polling page: 0x00000001005bb000

CodeCache: size=245760Kb used=2052Kb max_used=2064Kb free=243707Kb
 bounds [0x0000000104530000, 0x00000001047a0000, 0x0000000113530000]
 total_blobs=575 nmethods=300 adapters=189
 compilation: enabled

Compilation events (10 events):
Event: 2.953 Thread 0x00007fb51b03f800  296 %     3       com.gcd.cpp.Assignment3_2018::insertionSort @ 10 (66 bytes)
Event: 2.954 Thread 0x00007fb51b03f800 nmethod 296% 0x00000001046e8b50 code [0x00000001046e8ce0, 0x00000001046e9070]
Event: 2.954 Thread 0x00007fb51b03f800  297       3       com.gcd.cpp.Assignment3_2018::insertionSort (66 bytes)
Event: 2.954 Thread 0x00007fb51b03f800 nmethod 297 0x0000000104703350 code [0x00000001047034e0, 0x0000000104703810]
Event: 2.954 Thread 0x00007fb51b03e000  298 %     4       com.gcd.cpp.Assignment3_2018::insertionSort @ 10 (66 bytes)
Event: 2.958 Thread 0x00007fb51b03e000 nmethod 298% 0x0000000104701890 code [0x00000001047019e0, 0x0000000104701cf8]
Event: 3.032 Thread 0x00007fb51b03f800  299 %     3       com.gcd.cpp.Assignment3_2018::insertionSort @ 10 (66 bytes)
Event: 3.033 Thread 0x00007fb51b03f800 nmethod 299% 0x0000000104701150 code [0x00000001047012e0, 0x0000000104701670]
Event: 3.033 Thread 0x00007fb51b03f000  300 %     4       com.gcd.cpp.Assignment3_2018::insertionSort @ 10 (66 bytes)
Event: 3.037 Thread 0x00007fb51b03f000 nmethod 300% 0x00000001046e7810 code [0x00000001046e7960, 0x00000001046e7c18]

GC Heap History (10 events):
Event: 1.594 GC heap before
{Heap before GC invocations=5 (full 0):
 PSYoungGen      total 71680K, used 70067K [0x0000000795580000, 0x000000079a080000, 0x00000007c0000000)
  eden space 66560K, 99% used [0x0000000795580000,0x0000000799656280,0x0000000799680000)
  from space 5120K, 71% used [0x0000000799b80000,0x0000000799f16ac8,0x000000079a080000)
  to   space 5120K, 0% used [0x0000000799680000,0x0000000799680000,0x0000000799b80000)
 ParOldGen       total 87552K, used 78149K [0x0000000740000000, 0x0000000745580000, 0x0000000795580000)
  object space 87552K, 89% used [0x0000000740000000,0x0000000744c51420,0x0000000745580000)
 Metaspace       used 4559K, capacity 4822K, committed 4992K, reserved 1056768K
  class space    used 507K, capacity 564K, committed 640K, reserved 1048576K
Event: 1.607 GC heap after
Heap after GC invocations=5 (full 0):
 PSYoungGen      total 71680K, used 1490K [0x0000000795580000, 0x000000079dd80000, 0x00000007c0000000)
  eden space 66560K, 0% used [0x0000000795580000,0x0000000795580000,0x0000000799680000)
  from space 5120K, 29% used [0x0000000799680000,0x00000007997f49d8,0x0000000799b80000)
  to   space 3072K, 0% used [0x000000079da80000,0x000000079da80000,0x000000079dd80000)
 ParOldGen       total 87552K, used 78157K [0x0000000740000000, 0x0000000745580000, 0x0000000795580000)
  object space 87552K, 89% used [0x0000000740000000,0x0000000744c53420,0x0000000745580000)
 Metaspace       used 4559K, capacity 4822K, committed 4992K, reserved 1056768K
  class space    used 507K, capacity 564K, committed 640K, reserved 1048576K
}
Event: 1.711 GC heap before
{Heap before GC invocations=6 (full 0):
 PSYoungGen      total 71680K, used 68050K [0x0000000795580000, 0x000000079dd80000, 0x00000007c0000000)
  eden space 66560K, 100% used [0x0000000795580000,0x0000000799680000,0x0000000799680000)
  from space 5120K, 29% used [0x0000000799680000,0x00000007997f49d8,0x0000000799b80000)
  to   space 3072K, 0% used [0x000000079da80000,0x000000079da80000,0x000000079dd80000)
 ParOldGen       total 87552K, used 78157K [0x0000000740000000, 0x0000000745580000, 0x0000000795580000)
  object space 87552K, 89% used [0x0000000740000000,0x0000000744c53420,0x0000000745580000)
 Metaspace       used 4559K, capacity 4822K, committed 4992K, reserved 1056768K
  class space    used 507K, capacity 564K, committed 640K, reserved 1048576K
Event: 1.717 GC heap after
Heap after GC invocations=6 (full 0):
 PSYoungGen      total 136192K, used 1217K [0x0000000795580000, 0x000000079dd80000, 0x00000007c0000000)
  eden space 133120K, 0% used [0x0000000795580000,0x0000000795580000,0x000000079d780000)
  from space 3072K, 39% used [0x000000079da80000,0x000000079dbb0528,0x000000079dd80000)
  to   space 3072K, 0% used [0x000000079d780000,0x000000079d780000,0x000000079da80000)
 ParOldGen       total 87552K, used 83039K [0x0000000740000000, 0x0000000745580000, 0x0000000795580000)
  object space 87552K, 94% used [0x0000000740000000,0x0000000745117f70,0x0000000745580000)
 Metaspace       used 4559K, capacity 4822K, committed 4992K, reserved 1056768K
  class space    used 507K, capacity 564K, committed 640K, reserved 1048576K
}
Event: 1.717 GC heap before
{Heap before GC invocations=7 (full 1):
 PSYoungGen      total 136192K, used 1217K [0x0000000795580000, 0x000000079dd80000, 0x00000007c0000000)
  eden space 133120K, 0% used [0x0000000795580000,0x0000000795580000,0x000000079d780000)
  from space 3072K, 39% used [0x000000079da80000,0x000000079dbb0528,0x000000079dd80000)
  to   space 3072K, 0% used [0x000000079d780000,0x000000079d780000,0x000000079da80000)
 ParOldGen       total 87552K, used 83039K [0x0000000740000000, 0x0000000745580000, 0x0000000795580000)
  object space 87552K, 94% used [0x0000000740000000,0x0000000745117f70,0x0000000745580000)
 Metaspace       used 4559K, capacity 4822K, committed 4992K, reserved 1056768K
  class space    used 507K, capacity 564K, committed 640K, reserved 1048576K
Event: 1.742 GC heap after
Heap after GC invocations=7 (full 1):
 PSYoungGen      total 136192K, used 0K [0x0000000795580000, 0x000000079dd80000, 0x00000007c0000000)
  eden space 133120K, 0% used [0x0000000795580000,0x0000000795580000,0x000000079d780000)
  from space 3072K, 0% used [0x000000079da80000,0x000000079da80000,0x000000079dd80000)
  to   space 3072K, 0% used [0x000000079d780000,0x000000079d780000,0x000000079da80000)
 ParOldGen       total 92672K, used 45071K [0x0000000740000000, 0x0000000745a80000, 0x0000000795580000)
  object space 92672K, 48% used [0x0000000740000000,0x0000000742c03ea0,0x0000000745a80000)
 Metaspace       used 4559K, capacity 4822K, committed 4992K, reserved 1056768K
  class space    used 507K, capacity 564K, committed 640K, reserved 1048576K
}
Event: 2.079 GC heap before
{Heap before GC invocations=8 (full 1):
 PSYoungGen      total 136192K, used 133120K [0x0000000795580000, 0x000000079dd80000, 0x00000007c0000000)
  eden space 133120K, 100% used [0x0000000795580000,0x000000079d780000,0x000000079d780000)
  from space 3072K, 0% used [0x000000079da80000,0x000000079da80000,0x000000079dd80000)
  to   space 3072K, 0% used [0x000000079d780000,0x000000079d780000,0x000000079da80000)
 ParOldGen       total 92672K, used 45071K [0x0000000740000000, 0x0000000745a80000, 0x0000000795580000)
  object space 92672K, 48% used [0x0000000740000000,0x0000000742c03ea0,0x0000000745a80000)
 Metaspace       used 4559K, capacity 4822K, committed 4992K, reserved 1056768K
  class space    used 507K, capacity 564K, committed 640K, reserved 1048576K
Event: 2.090 GC heap after
Heap after GC invocations=8 (full 1):
 PSYoungGen      total 136192K, used 248K [0x0000000795580000, 0x00000007a4480000, 0x00000007c0000000)
  eden space 133120K, 0% used [0x0000000795580000,0x0000000795580000,0x000000079d780000)
  from space 3072K, 8% used [0x000000079d780000,0x000000079d7be270,0x000000079da80000)
  to   space 3072K, 0% used [0x00000007a4180000,0x00000007a4180000,0x00000007a4480000)
 ParOldGen       total 92672K, used 45071K [0x0000000740000000, 0x0000000745a80000, 0x0000000795580000)
  object space 92672K, 48% used [0x0000000740000000,0x0000000742c03ea0,0x0000000745a80000)
 Metaspace       used 4559K, capacity 4822K, committed 4992K, reserved 1056768K
  class space    used 507K, capacity 564K, committed 640K, reserved 1048576K
}
Event: 2.392 GC heap before
{Heap before GC invocations=9 (full 1):
 PSYoungGen      total 136192K, used 133120K [0x0000000795580000, 0x00000007a4480000, 0x00000007c0000000)
  eden space 133120K, 99% used [0x0000000795580000,0x000000079d741fe0,0x000000079d780000)
  from space 3072K, 8% used [0x000000079d780000,0x000000079d7be270,0x000000079da80000)
  to   space 3072K, 0% used [0x00000007a4180000,0x00000007a4180000,0x00000007a4480000)
 ParOldGen       total 92672K, used 45071K [0x0000000740000000, 0x0000000745a80000, 0x0000000795580000)
  object space 92672K, 48% used [0x0000000740000000,0x0000000742c03ea0,0x0000000745a80000)
 Metaspace       used 4560K, capacity 4822K, committed 4992K, reserved 1056768K
  class space    used 507K, capacity 564K, committed 640K, reserved 1048576K
Event: 2.393 GC heap after
Heap after GC invocations=9 (full 1):
 PSYoungGen      total 233472K, used 858K [0x0000000795580000, 0x00000007a4280000, 0x00000007c0000000)
  eden space 232448K, 0% used [0x0000000795580000,0x0000000795580000,0x00000007a3880000)
  from space 1024K, 83% used [0x00000007a4180000,0x00000007a4256be0,0x00000007a4280000)
  to   space 3072K, 0% used [0x00000007a3c80000,0x00000007a3c80000,0x00000007a3f80000)
 ParOldGen       total 92672K, used 45071K [0x0000000740000000, 0x0000000745a80000, 0x0000000795580000)
  object space 92672K, 48% used [0x0000000740000000,0x0000000742c03ea0,0x0000000745a80000)
 Metaspace       used 4560K, capacity 4822K, committed 4992K, reserved 1056768K
  class space    used 507K, capacity 564K, committed 640K, reserved 1048576K
}

Deoptimization events (9 events):
Event: 0.607 Thread 0x00007fb51c002800 Uncommon trap: reason=unstable_if action=reinterpret pc=0x000000010464aaf4 method=com.gcd.cpp.Assignment3_2018.main([Ljava/lang/String;)V @ 10
Event: 0.636 Thread 0x00007fb51b828000 Uncommon trap: reason=unstable_if action=reinterpret pc=0x00000001046686a0 method=com.gcd.cpp.test.Question1.call()Lcom/gcd/cpp/Question1Helper; @ 15
Event: 0.636 Thread 0x00007fb51c0d4800 Uncommon trap: reason=unstable_if action=reinterpret pc=0x00000001046686a0 method=com.gcd.cpp.test.Question1.call()Lcom/gcd/cpp/Question1Helper; @ 15
Event: 0.637 Thread 0x00007fb51b83c000 Uncommon trap: reason=unstable_if action=reinterpret pc=0x00000001046686a0 method=com.gcd.cpp.test.Question1.call()Lcom/gcd/cpp/Question1Helper; @ 15
Event: 1.176 Thread 0x00007fb51c002800 Uncommon trap: reason=unstable_if action=reinterpret pc=0x00000001046cfcb4 method=com.gcd.cpp.Assignment3_2018.main([Ljava/lang/String;)V @ 373
Event: 2.239 Thread 0x00007fb51b828000 Uncommon trap: reason=unstable_if action=reinterpret pc=0x00000001046edb08 method=java.util.concurrent.ForkJoinPool$WorkQueue.push(Ljava/util/concurrent/ForkJoinTask;)V @ 72
Event: 2.604 Thread 0x00007fb51c002800 Uncommon trap: reason=unstable_if action=reinterpret pc=0x00000001047040c4 method=com.gcd.cpp.Assignment3_2018.isSorted([I)Z @ 7
Event: 2.951 Thread 0x00007fb51c002800 Uncommon trap: reason=unstable_if action=reinterpret pc=0x00000001046e8234 method=com.gcd.cpp.Assignment3_2018.main([Ljava/lang/String;)V @ 508
Event: 3.032 Thread 0x00007fb51c002800 Uncommon trap: reason=unstable_if action=reinterpret pc=0x0000000104701bec method=com.gcd.cpp.Assignment3_2018.insertionSort([III)V @ 13

Internal exceptions (4 events):
Event: 0.063 Thread 0x00007fb51c002800 Exception <a 'java/lang/NoSuchMethodError': Method sun.misc.Unsafe.defineClass(Ljava/lang/String;[BII)Ljava/lang/Class; name or signature does not match> (0x0000000795587ca8) thrown at [/Users/java_re/workspace/8-2-build-macosx-x86_64/jdk8u144/9417/hotspo
Event: 0.063 Thread 0x00007fb51c002800 Exception <a 'java/lang/NoSuchMethodError': Method sun.misc.Unsafe.prefetchRead(Ljava/lang/Object;J)V name or signature does not match> (0x0000000795587f90) thrown at [/Users/java_re/workspace/8-2-build-macosx-x86_64/jdk8u144/9417/hotspot/src/share/vm/pri
Event: 0.708 Thread 0x00007fb51c002800 Exception <a 'java/lang/NoSuchFieldError': method resolution failed> (0x0000000795c1a520) thrown at [/Users/java_re/workspace/8-2-build-macosx-x86_64/jdk8u144/9417/hotspot/src/share/vm/prims/methodHandles.cpp, line 1146]
Event: 0.711 Thread 0x00007fb51c002800 Exception <a 'java/lang/NoSuchFieldError': method resolution failed> (0x0000000795c283c8) thrown at [/Users/java_re/workspace/8-2-build-macosx-x86_64/jdk8u144/9417/hotspot/src/share/vm/prims/methodHandles.cpp, line 1146]

Events (10 events):
Event: 2.951 Thread 0x00007fb51c002800 DEOPT PACKING pc=0x00000001046e8234 sp=0x000070000d4978f0
Event: 2.951 Thread 0x00007fb51c002800 DEOPT UNPACKING pc=0x0000000104535229 sp=0x000070000d497848 mode 2
Event: 2.958 Thread 0x00007fb51c002800 DEOPT PACKING pc=0x00000001046e8f87 sp=0x000070000d497780
Event: 2.958 Thread 0x00007fb51c002800 DEOPT UNPACKING pc=0x0000000104577633 sp=0x000070000d4974d8 mode 0
Event: 3.032 Thread 0x00007fb51c002800 Uncommon trap: trap_request=0xffffff65 fr.pc=0x0000000104701bec
Event: 3.032 Thread 0x00007fb51c002800 DEOPT PACKING pc=0x0000000104701bec sp=0x000070000d497790
Event: 3.032 Thread 0x00007fb51c002800 DEOPT UNPACKING pc=0x0000000104535229 sp=0x000070000d497758 mode 2
Event: 3.037 Thread 0x00007fb51c002800 DEOPT PACKING pc=0x0000000104701587 sp=0x000070000d497780
Event: 3.037 Thread 0x00007fb51c002800 DEOPT UNPACKING pc=0x0000000104577633 sp=0x000070000d4974d8 mode 0
Event: 4.224 Executing VM operation: EnableBiasedLocking


Dynamic libraries:
0x000000002153b000 	/System/Library/Frameworks/Cocoa.framework/Versions/A/Cocoa
0x000000002153b000 	/System/Library/Frameworks/Security.framework/Versions/A/Security
0x000000002153b000 	/System/Library/Frameworks/ApplicationServices.framework/Versions/A/ApplicationServices
0x000000002153b000 	/usr/lib/libz.1.dylib
0x000000002153b000 	/usr/lib/libSystem.B.dylib
0x000000002153b000 	/usr/lib/libobjc.A.dylib
0x000000002153b000 	/System/Library/Frameworks/CoreFoundation.framework/Versions/A/CoreFoundation
0x000000002153b000 	/System/Library/Frameworks/Foundation.framework/Versions/C/Foundation
0x000000002153b000 	/System/Library/Frameworks/AppKit.framework/Versions/C/AppKit
0x000000002153b000 	/System/Library/Frameworks/CoreData.framework/Versions/A/CoreData
0x000000002153b000 	/System/Library/PrivateFrameworks/RemoteViewServices.framework/Versions/A/RemoteViewServices
0x000000002153b000 	/System/Library/PrivateFrameworks/UIFoundation.framework/Versions/A/UIFoundation
0x000000002153b000 	/System/Library/PrivateFrameworks/DFRFoundation.framework/Versions/A/DFRFoundation
0x000000002153b000 	/System/Library/Frameworks/Metal.framework/Versions/A/Metal
0x000000002153b000 	/System/Library/PrivateFrameworks/DesktopServicesPriv.framework/Versions/A/DesktopServicesPriv
0x000000002153b000 	/usr/lib/libenergytrace.dylib
0x000000002153b000 	/System/Library/PrivateFrameworks/SkyLight.framework/Versions/A/SkyLight
0x000000002153b000 	/System/Library/Frameworks/CoreGraphics.framework/Versions/A/CoreGraphics
0x000000002153b000 	/usr/lib/libScreenReader.dylib
0x000000002153b000 	/System/Library/Frameworks/Accelerate.framework/Versions/A/Accelerate
0x000000002153b000 	/System/Library/Frameworks/IOSurface.framework/Versions/A/IOSurface
0x000000002153b000 	/System/Library/Frameworks/AudioToolbox.framework/Versions/A/AudioToolbox
0x000000002153b000 	/System/Library/Frameworks/AudioUnit.framework/Versions/A/AudioUnit
0x000000002153b000 	/System/Library/PrivateFrameworks/DataDetectorsCore.framework/Versions/A/DataDetectorsCore
0x000000002153b000 	/System/Library/Frameworks/Carbon.framework/Versions/A/Frameworks/HIToolbox.framework/Versions/A/HIToolbox
0x000000002153b000 	/usr/lib/libicucore.A.dylib
0x000000002153b000 	/System/Library/Frameworks/QuartzCore.framework/Versions/A/QuartzCore
0x000000002153b000 	/System/Library/Frameworks/Carbon.framework/Versions/A/Frameworks/SpeechRecognition.framework/Versions/A/SpeechRecognition
0x000000002153b000 	/usr/lib/libauto.dylib
0x000000002153b000 	/usr/lib/libxml2.2.dylib
0x000000002153b000 	/System/Library/PrivateFrameworks/CoreUI.framework/Versions/A/CoreUI
0x000000002153b000 	/System/Library/Frameworks/CoreAudio.framework/Versions/A/CoreAudio
0x000000002153b000 	/System/Library/Frameworks/DiskArbitration.framework/Versions/A/DiskArbitration
0x000000002153b000 	/usr/lib/liblangid.dylib
0x000000002153b000 	/System/Library/PrivateFrameworks/MultitouchSupport.framework/Versions/A/MultitouchSupport
0x000000002153b000 	/System/Library/Frameworks/IOKit.framework/Versions/A/IOKit
0x000000002153b000 	/usr/lib/libDiagnosticMessagesClient.dylib
0x000000002153b000 	/System/Library/Frameworks/CoreServices.framework/Versions/A/CoreServices
0x000000002153b000 	/System/Library/PrivateFrameworks/PerformanceAnalysis.framework/Versions/A/PerformanceAnalysis
0x000000002153b000 	/System/Library/Frameworks/OpenGL.framework/Versions/A/OpenGL
0x000000002153b000 	/System/Library/Frameworks/ColorSync.framework/Versions/A/ColorSync
0x000000002153b000 	/System/Library/Frameworks/CoreImage.framework/Versions/A/CoreImage
0x000000002153b000 	/System/Library/Frameworks/CoreText.framework/Versions/A/CoreText
0x000000002153b000 	/System/Library/Frameworks/ImageIO.framework/Versions/A/ImageIO
0x000000002153b000 	/System/Library/PrivateFrameworks/Backup.framework/Versions/A/Backup
0x000000002153b000 	/usr/lib/libarchive.2.dylib
0x000000002153b000 	/System/Library/Frameworks/CFNetwork.framework/Versions/A/CFNetwork
0x000000002153b000 	/System/Library/Frameworks/SystemConfiguration.framework/Versions/A/SystemConfiguration
0x000000002153b000 	/usr/lib/libCRFSuite.dylib
0x000000002153b000 	/usr/lib/libc++.1.dylib
0x000000002153b000 	/usr/lib/libc++abi.dylib
0x000000002153b000 	/usr/lib/system/libcache.dylib
0x000000002153b000 	/usr/lib/system/libcommonCrypto.dylib
0x000000002153b000 	/usr/lib/system/libcompiler_rt.dylib
0x000000002153b000 	/usr/lib/system/libcopyfile.dylib
0x000000002153b000 	/usr/lib/system/libcorecrypto.dylib
0x000000002153b000 	/usr/lib/system/libdispatch.dylib
0x000000002153b000 	/usr/lib/system/libdyld.dylib
0x000000002153b000 	/usr/lib/system/libkeymgr.dylib
0x000000002153b000 	/usr/lib/system/liblaunch.dylib
0x000000002153b000 	/usr/lib/system/libmacho.dylib
0x000000002153b000 	/usr/lib/system/libquarantine.dylib
0x000000002153b000 	/usr/lib/system/libremovefile.dylib
0x000000002153b000 	/usr/lib/system/libsystem_asl.dylib
0x000000002153b000 	/usr/lib/system/libsystem_blocks.dylib
0x000000002153b000 	/usr/lib/system/libsystem_c.dylib
0x000000002153b000 	/usr/lib/system/libsystem_configuration.dylib
0x000000002153b000 	/usr/lib/system/libsystem_coreservices.dylib
0x000000002153b000 	/usr/lib/system/libsystem_darwin.dylib
0x000000002153b000 	/usr/lib/system/libsystem_dnssd.dylib
0x000000002153b000 	/usr/lib/system/libsystem_info.dylib
0x000000002153b000 	/usr/lib/system/libsystem_m.dylib
0x000000002153b000 	/usr/lib/system/libsystem_malloc.dylib
0x000000002153b000 	/usr/lib/system/libsystem_network.dylib
0x000000002153b000 	/usr/lib/system/libsystem_networkextension.dylib
0x000000002153b000 	/usr/lib/system/libsystem_notify.dylib
0x000000002153b000 	/usr/lib/system/libsystem_sandbox.dylib
0x000000002153b000 	/usr/lib/system/libsystem_secinit.dylib
0x000000002153b000 	/usr/lib/system/libsystem_kernel.dylib
0x000000002153b000 	/usr/lib/system/libsystem_platform.dylib
0x000000002153b000 	/usr/lib/system/libsystem_pthread.dylib
0x000000002153b000 	/usr/lib/system/libsystem_symptoms.dylib
0x000000002153b000 	/usr/lib/system/libsystem_trace.dylib
0x000000002153b000 	/usr/lib/system/libunwind.dylib
0x000000002153b000 	/usr/lib/system/libxpc.dylib
0x000000002153b000 	/usr/lib/closure/libclosured.dylib
0x000000002153b000 	/usr/lib/libbsm.0.dylib
0x000000002153b000 	/usr/lib/system/libkxld.dylib
0x000000002153b000 	/usr/lib/libOpenScriptingUtil.dylib
0x000000002153b000 	/usr/lib/libcoretls.dylib
0x000000002153b000 	/usr/lib/libcoretls_cfhelpers.dylib
0x000000002153b000 	/usr/lib/libpam.2.dylib
0x000000002153b000 	/usr/lib/libsqlite3.dylib
0x000000002153b000 	/usr/lib/libxar.1.dylib
0x000000002153b000 	/usr/lib/libbz2.1.0.dylib
0x000000002153b000 	/usr/lib/liblzma.5.dylib
0x000000002153b000 	/usr/lib/libnetwork.dylib
0x000000002153b000 	/usr/lib/libapple_nghttp2.dylib
0x000000002153b000 	/usr/lib/libpcap.A.dylib
0x000000002153b000 	/usr/lib/libboringssl.dylib
0x000000002153b000 	/usr/lib/libusrtcp.dylib
0x000000002153b000 	/usr/lib/libapple_crypto.dylib
0x000000002153b000 	/System/Library/Frameworks/CoreServices.framework/Versions/A/Frameworks/FSEvents.framework/Versions/A/FSEvents
0x000000002153b000 	/System/Library/Frameworks/CoreServices.framework/Versions/A/Frameworks/CarbonCore.framework/Versions/A/CarbonCore
0x000000002153b000 	/System/Library/Frameworks/CoreServices.framework/Versions/A/Frameworks/Metadata.framework/Versions/A/Metadata
0x000000002153b000 	/System/Library/Frameworks/CoreServices.framework/Versions/A/Frameworks/OSServices.framework/Versions/A/OSServices
0x000000002153b000 	/System/Library/Frameworks/CoreServices.framework/Versions/A/Frameworks/SearchKit.framework/Versions/A/SearchKit
0x000000002153b000 	/System/Library/Frameworks/CoreServices.framework/Versions/A/Frameworks/AE.framework/Versions/A/AE
0x000000002153b000 	/System/Library/Frameworks/CoreServices.framework/Versions/A/Frameworks/LaunchServices.framework/Versions/A/LaunchServices
0x000000002153b000 	/System/Library/Frameworks/CoreServices.framework/Versions/A/Frameworks/DictionaryServices.framework/Versions/A/DictionaryServices
0x000000002153b000 	/System/Library/Frameworks/CoreServices.framework/Versions/A/Frameworks/SharedFileList.framework/Versions/A/SharedFileList
0x000000002153b000 	/System/Library/Frameworks/NetFS.framework/Versions/A/NetFS
0x000000002153b000 	/System/Library/PrivateFrameworks/NetAuth.framework/Versions/A/NetAuth
0x000000002153b000 	/System/Library/PrivateFrameworks/login.framework/Versions/A/Frameworks/loginsupport.framework/Versions/A/loginsupport
0x000000002153b000 	/System/Library/PrivateFrameworks/TCC.framework/Versions/A/TCC
0x000000002153b000 	/usr/lib/libmecabra.dylib
0x000000002153b000 	/System/Library/Frameworks/ApplicationServices.framework/Versions/A/Frameworks/ATS.framework/Versions/A/ATS
0x000000002153b000 	/System/Library/Frameworks/ApplicationServices.framework/Versions/A/Frameworks/ColorSyncLegacy.framework/Versions/A/ColorSyncLegacy
0x000000002153b000 	/System/Library/Frameworks/ApplicationServices.framework/Versions/A/Frameworks/HIServices.framework/Versions/A/HIServices
0x000000002153b000 	/System/Library/Frameworks/ApplicationServices.framework/Versions/A/Frameworks/LangAnalysis.framework/Versions/A/LangAnalysis
0x000000002153b000 	/System/Library/Frameworks/ApplicationServices.framework/Versions/A/Frameworks/PrintCore.framework/Versions/A/PrintCore
0x000000002153b000 	/System/Library/Frameworks/ApplicationServices.framework/Versions/A/Frameworks/QD.framework/Versions/A/QD
0x000000002153b000 	/System/Library/Frameworks/ApplicationServices.framework/Versions/A/Frameworks/SpeechSynthesis.framework/Versions/A/SpeechSynthesis
0x000000002153b000 	/System/Library/Frameworks/CoreDisplay.framework/Versions/A/CoreDisplay
0x000000002153b000 	/System/Library/Frameworks/Accelerate.framework/Versions/A/Frameworks/vImage.framework/Versions/A/vImage
0x000000002153b000 	/System/Library/Frameworks/Accelerate.framework/Versions/A/Frameworks/vecLib.framework/Versions/A/vecLib
0x000000002153b000 	/System/Library/Frameworks/Accelerate.framework/Versions/A/Frameworks/vecLib.framework/Versions/A/libvDSP.dylib
0x000000002153b000 	/System/Library/Frameworks/Accelerate.framework/Versions/A/Frameworks/vecLib.framework/Versions/A/libBNNS.dylib
0x000000002153b000 	/System/Library/Frameworks/Accelerate.framework/Versions/A/Frameworks/vecLib.framework/Versions/A/libQuadrature.dylib
0x000000002153b000 	/System/Library/Frameworks/Accelerate.framework/Versions/A/Frameworks/vecLib.framework/Versions/A/libvMisc.dylib
0x000000002153b000 	/System/Library/Frameworks/Accelerate.framework/Versions/A/Frameworks/vecLib.framework/Versions/A/libLAPACK.dylib
0x000000002153b000 	/System/Library/Frameworks/Accelerate.framework/Versions/A/Frameworks/vecLib.framework/Versions/A/libBLAS.dylib
0x000000002153b000 	/System/Library/Frameworks/Accelerate.framework/Versions/A/Frameworks/vecLib.framework/Versions/A/libLinearAlgebra.dylib
0x000000002153b000 	/System/Library/Frameworks/Accelerate.framework/Versions/A/Frameworks/vecLib.framework/Versions/A/libSparse.dylib
0x000000002153b000 	/System/Library/Frameworks/Accelerate.framework/Versions/A/Frameworks/vecLib.framework/Versions/A/libSparseBLAS.dylib
0x000000002153b000 	/System/Library/PrivateFrameworks/IOAccelerator.framework/Versions/A/IOAccelerator
0x000000002153b000 	/System/Library/PrivateFrameworks/IOPresentment.framework/Versions/A/IOPresentment
0x000000002153b000 	/System/Library/PrivateFrameworks/DSExternalDisplay.framework/Versions/A/DSExternalDisplay
0x000000002153b000 	/System/Library/Frameworks/OpenGL.framework/Versions/A/Libraries/libCoreFSCache.dylib
0x000000002153b000 	/System/Library/Frameworks/CoreVideo.framework/Versions/A/CoreVideo
0x000000002153b000 	/System/Library/PrivateFrameworks/GraphVisualizer.framework/Versions/A/GraphVisualizer
0x000000002153b000 	/System/Library/Frameworks/MetalPerformanceShaders.framework/Versions/A/MetalPerformanceShaders
0x000000002153b000 	/usr/lib/libFosl_dynamic.dylib
0x000000002153b000 	/System/Library/PrivateFrameworks/FaceCore.framework/Versions/A/FaceCore
0x000000002153b000 	/System/Library/Frameworks/OpenCL.framework/Versions/A/OpenCL
0x000000002153b000 	/usr/lib/libcompression.dylib
0x000000002153b000 	/System/Library/Frameworks/ApplicationServices.framework/Versions/A/Frameworks/ATS.framework/Versions/A/Resources/libFontParser.dylib
0x000000002153b000 	/System/Library/Frameworks/ApplicationServices.framework/Versions/A/Frameworks/ATS.framework/Versions/A/Resources/libFontRegistry.dylib
0x000000002153b000 	/System/Library/Frameworks/ImageIO.framework/Versions/A/Resources/libJPEG.dylib
0x000000002153b000 	/System/Library/Frameworks/ImageIO.framework/Versions/A/Resources/libTIFF.dylib
0x000000002153b000 	/System/Library/Frameworks/ImageIO.framework/Versions/A/Resources/libPng.dylib
0x000000002153b000 	/System/Library/Frameworks/ImageIO.framework/Versions/A/Resources/libGIF.dylib
0x000000002153b000 	/System/Library/Frameworks/ImageIO.framework/Versions/A/Resources/libJP2.dylib
0x000000002153b000 	/System/Library/Frameworks/ImageIO.framework/Versions/A/Resources/libRadiance.dylib
0x000000002153b000 	/System/Library/PrivateFrameworks/AppleJPEG.framework/Versions/A/AppleJPEG
0x000000002153b000 	/System/Library/PrivateFrameworks/MetalTools.framework/Versions/A/MetalTools
0x000000002153b000 	/System/Library/Frameworks/MetalPerformanceShaders.framework/Frameworks/MPSCore.framework/Versions/A/MPSCore
0x000000002153b000 	/System/Library/Frameworks/MetalPerformanceShaders.framework/Frameworks/MPSImage.framework/Versions/A/MPSImage
0x000000002153b000 	/System/Library/Frameworks/MetalPerformanceShaders.framework/Frameworks/MPSMatrix.framework/Versions/A/MPSMatrix
0x000000002153b000 	/System/Library/Frameworks/MetalPerformanceShaders.framework/Frameworks/MPSNeuralNetwork.framework/Versions/A/MPSNeuralNetwork
0x000000002153b000 	/System/Library/Frameworks/OpenGL.framework/Versions/A/Libraries/libGLU.dylib
0x000000002153b000 	/System/Library/Frameworks/OpenGL.framework/Versions/A/Libraries/libGFXShared.dylib
0x000000002153b000 	/System/Library/Frameworks/OpenGL.framework/Versions/A/Libraries/libGL.dylib
0x000000002153b000 	/System/Library/Frameworks/OpenGL.framework/Versions/A/Libraries/libGLImage.dylib
0x000000002153b000 	/System/Library/Frameworks/OpenGL.framework/Versions/A/Libraries/libCVMSPluginSupport.dylib
0x000000002153b000 	/System/Library/Frameworks/OpenGL.framework/Versions/A/Libraries/libCoreVMClient.dylib
0x000000002153b000 	/usr/lib/libcups.2.dylib
0x000000002153b000 	/System/Library/Frameworks/Kerberos.framework/Versions/A/Kerberos
0x000000002153b000 	/System/Library/Frameworks/GSS.framework/Versions/A/GSS
0x000000002153b000 	/usr/lib/libresolv.9.dylib
0x000000002153b000 	/usr/lib/libiconv.2.dylib
0x000000002153b000 	/System/Library/PrivateFrameworks/Heimdal.framework/Versions/A/Heimdal
0x000000002153b000 	/usr/lib/libheimdal-asn1.dylib
0x000000002153b000 	/System/Library/Frameworks/OpenDirectory.framework/Versions/A/OpenDirectory
0x000000002153b000 	/System/Library/PrivateFrameworks/CommonAuth.framework/Versions/A/CommonAuth
0x000000002153b000 	/System/Library/Frameworks/OpenDirectory.framework/Versions/A/Frameworks/CFOpenDirectory.framework/Versions/A/CFOpenDirectory
0x000000002153b000 	/System/Library/Frameworks/SecurityFoundation.framework/Versions/A/SecurityFoundation
0x000000002153b000 	/System/Library/PrivateFrameworks/APFS.framework/Versions/A/APFS
0x000000002153b000 	/usr/lib/libutil.dylib
0x000000002153b000 	/System/Library/PrivateFrameworks/AppleSauce.framework/Versions/A/AppleSauce
0x000000002153b000 	/System/Library/PrivateFrameworks/LinguisticData.framework/Versions/A/LinguisticData
0x000000002153b000 	/usr/lib/libmarisa.dylib
0x000000002153b000 	/System/Library/PrivateFrameworks/Lexicon.framework/Versions/A/Lexicon
0x000000002153b000 	/usr/lib/libChineseTokenizer.dylib
0x000000002153b000 	/usr/lib/libcmph.dylib
0x000000002153b000 	/System/Library/PrivateFrameworks/LanguageModeling.framework/Versions/A/LanguageModeling
0x000000002153b000 	/System/Library/PrivateFrameworks/CoreEmoji.framework/Versions/A/CoreEmoji
0x000000002153b000 	/System/Library/Frameworks/ServiceManagement.framework/Versions/A/ServiceManagement
0x000000002153b000 	/System/Library/PrivateFrameworks/BackgroundTaskManagement.framework/Versions/A/BackgroundTaskManagement
0x000000002153b000 	/usr/lib/libxslt.1.dylib
0x000000002153b000 	/System/Library/Frameworks/Carbon.framework/Versions/A/Frameworks/Ink.framework/Versions/A/Ink
0x000000002153b000 	/System/Library/PrivateFrameworks/TextureIO.framework/Versions/A/TextureIO
0x000000002153b000 	/usr/lib/libate.dylib
0x000000002153b000 	/System/Library/PrivateFrameworks/CrashReporterSupport.framework/Versions/A/CrashReporterSupport
0x000000002153b000 	/System/Library/PrivateFrameworks/Sharing.framework/Versions/A/Sharing
0x000000002153b000 	/System/Library/PrivateFrameworks/IconServices.framework/Versions/A/IconServices
0x000000002153b000 	/System/Library/PrivateFrameworks/ProtocolBuffer.framework/Versions/A/ProtocolBuffer
0x000000002153b000 	/System/Library/PrivateFrameworks/Apple80211.framework/Versions/A/Apple80211
0x000000002153b000 	/System/Library/Frameworks/CoreWLAN.framework/Versions/A/CoreWLAN
0x000000002153b000 	/System/Library/PrivateFrameworks/CoreUtils.framework/Versions/A/CoreUtils
0x000000002153b000 	/System/Library/Frameworks/IOBluetooth.framework/Versions/A/IOBluetooth
0x000000002153b000 	/System/Library/PrivateFrameworks/CoreWiFi.framework/Versions/A/CoreWiFi
0x000000002153b000 	/System/Library/Frameworks/CoreBluetooth.framework/Versions/A/CoreBluetooth
0x000000002153b000 	/System/Library/PrivateFrameworks/SignpostNotification.framework/Versions/A/SignpostNotification
0x000000002153b000 	/System/Library/PrivateFrameworks/DebugSymbols.framework/Versions/A/DebugSymbols
0x000000002153b000 	/System/Library/PrivateFrameworks/CoreSymbolication.framework/Versions/A/CoreSymbolication
0x000000002153b000 	/System/Library/PrivateFrameworks/Symbolication.framework/Versions/A/Symbolication
0x000000002153b000 	/System/Library/PrivateFrameworks/AppleFSCompression.framework/Versions/A/AppleFSCompression
0x000000002153b000 	/System/Library/PrivateFrameworks/SpeechRecognitionCore.framework/Versions/A/SpeechRecognitionCore
0x0000000100e00000 	/Library/Java/JavaVirtualMachines/jdk1.8.0_144.jdk/Contents/Home/jre/lib/server/libjvm.dylib
0x000000002153b000 	/usr/lib/libstdc++.6.0.9.dylib
0x0000000100578000 	/Library/Java/JavaVirtualMachines/jdk1.8.0_144.jdk/Contents/Home/jre/lib/libverify.dylib
0x0000000100586000 	/Library/Java/JavaVirtualMachines/jdk1.8.0_144.jdk/Contents/Home/jre/lib/libjava.dylib
0x00000001005bc000 	/Library/Java/JavaVirtualMachines/jdk1.8.0_144.jdk/Contents/Home/jre/lib/libinstrument.dylib
0x00000001005e9000 	/Library/Java/JavaVirtualMachines/jdk1.8.0_144.jdk/Contents/Home/jre/lib/libzip.dylib
0x000000002153b000 	/System/Library/Frameworks/JavaVM.framework/Versions/A/Frameworks/JavaRuntimeSupport.framework/Versions/A/JavaRuntimeSupport
0x000000002153b000 	/System/Library/Frameworks/JavaVM.framework/Versions/A/Frameworks/JavaNativeFoundation.framework/Versions/A/JavaNativeFoundation
0x000000002153b000 	/System/Library/Frameworks/JavaVM.framework/Versions/A/JavaVM
0x000000002153b000 	/System/Library/Frameworks/Carbon.framework/Versions/A/Carbon
0x000000002153b000 	/System/Library/PrivateFrameworks/JavaLaunching.framework/Versions/A/JavaLaunching
0x000000002153b000 	/System/Library/Frameworks/Carbon.framework/Versions/A/Frameworks/CommonPanels.framework/Versions/A/CommonPanels
0x000000002153b000 	/System/Library/Frameworks/Carbon.framework/Versions/A/Frameworks/Help.framework/Versions/A/Help
0x000000002153b000 	/System/Library/Frameworks/Carbon.framework/Versions/A/Frameworks/ImageCapture.framework/Versions/A/ImageCapture
0x000000002153b000 	/System/Library/Frameworks/Carbon.framework/Versions/A/Frameworks/OpenScripting.framework/Versions/A/OpenScripting
0x000000002153b000 	/System/Library/Frameworks/Carbon.framework/Versions/A/Frameworks/Print.framework/Versions/A/Print
0x000000002153b000 	/System/Library/Frameworks/Carbon.framework/Versions/A/Frameworks/SecurityHI.framework/Versions/A/SecurityHI
0x00000001192cf000 	/Library/Java/JavaVirtualMachines/jdk1.8.0_144.jdk/Contents/Home/jre/lib/libnet.dylib

VM Arguments:
jvm_args: -javaagent:/Applications/IntelliJ IDEA.app/Contents/lib/idea_rt.jar=62311:/Applications/IntelliJ IDEA.app/Contents/bin -Dfile.encoding=UTF-8 
java_command: com.gcd.cpp.Assignment3_2018
java_class_path (initial): /Library/Java/JavaVirtualMachines/jdk1.8.0_144.jdk/Contents/Home/jre/lib/charsets.jar:/Library/Java/JavaVirtualMachines/jdk1.8.0_144.jdk/Contents/Home/jre/lib/deploy.jar:/Library/Java/JavaVirtualMachines/jdk1.8.0_144.jdk/Contents/Home/jre/lib/ext/cldrdata.jar:/Library/Java/JavaVirtualMachines/jdk1.8.0_144.jdk/Contents/Home/jre/lib/ext/dnsns.jar:/Library/Java/JavaVirtualMachines/jdk1.8.0_144.jdk/Contents/Home/jre/lib/ext/jaccess.jar:/Library/Java/JavaVirtualMachines/jdk1.8.0_144.jdk/Contents/Home/jre/lib/ext/jfxrt.jar:/Library/Java/JavaVirtualMachines/jdk1.8.0_144.jdk/Contents/Home/jre/lib/ext/localedata.jar:/Library/Java/JavaVirtualMachines/jdk1.8.0_144.jdk/Contents/Home/jre/lib/ext/nashorn.jar:/Library/Java/JavaVirtualMachines/jdk1.8.0_144.jdk/Contents/Home/jre/lib/ext/sunec.jar:/Library/Java/JavaVirtualMachines/jdk1.8.0_144.jdk/Contents/Home/jre/lib/ext/sunjce_provider.jar:/Library/Java/JavaVirtualMachines/jdk1.8.0_144.jdk/Contents/Home/jre/lib/ext/sunpkcs11.jar:/Library/Java/JavaVirtualMachines/jdk1.8.0_144.jdk/Contents/Home/jre/lib/ext/zipfs.jar:/Library/Java/JavaVirtualMachines/jdk1.8.0_144.jdk/Contents/Home/jre/lib/javaws.jar:/Library/Java/JavaVirtualMachines/jdk1.8.0_144.jdk/Contents/Home/jre/lib/jce.jar:/Library/Java/JavaVirtualMachines/jdk1.8.0_144.jdk/Contents/Home/jre/lib/jfr.jar:/Library/Java/JavaVirtualMachines/jdk1.8.0_144.jdk/Contents/Home/jre/lib/jfxswt.jar:/Library/Java/JavaVirtualMachines/jdk1.8.0_144.jdk/Contents/Home/jre/lib/jsse.jar:/Library/Java/JavaVirtualMachines/jdk1.8.0_144.jdk/Contents/Home/jre/lib/management-agent.jar:/Library/Java/JavaVirtualMachines/jdk1.8.0_144.jdk/Contents/Home/jre/lib/plugin.jar:/Library/Java/JavaVirtualMachines/jdk1.8.0_144.jdk/Contents/Home/jre/lib/resources.jar:/Library/Java/JavaVirtualMachines/jdk1.8.0_144.jdk/Contents/Home/jre/lib/rt.jar:/Library/Java/JavaVirtualMachines/jdk1.8.0_144.jdk/Contents/Home/lib/ant-javafx.jar:/Library/Java/JavaVirtualMachines/jdk1.8.0_144.jdk/Contents/Home
Launcher Type: SUN_STANDARD

Environment Variables:
PATH=/Users/aahuyarakshakaharil/google-cloud-sdk/bin:/usr/local/bin:/usr/bin:/bin:/usr/sbin:/sbin
SHELL=/bin/zsh

Signal Handlers:
SIGSEGV: [libjvm.dylib+0x5b26e5], sa_mask[0]=11111111011111110111111111111111, sa_flags=SA_ONSTACK|SA_RESTART|SA_SIGINFO
SIGBUS: [libjvm.dylib+0x5b26e5], sa_mask[0]=11111111011111110111111111111111, sa_flags=SA_RESTART|SA_SIGINFO
SIGFPE: [libjvm.dylib+0x489100], sa_mask[0]=11111111011111110111111111111111, sa_flags=SA_RESTART|SA_SIGINFO
SIGPIPE: [libjvm.dylib+0x489100], sa_mask[0]=11111111011111110111111111111111, sa_flags=SA_RESTART|SA_SIGINFO
SIGXFSZ: [libjvm.dylib+0x489100], sa_mask[0]=11111111011111110111111111111111, sa_flags=SA_RESTART|SA_SIGINFO
SIGILL: [libjvm.dylib+0x489100], sa_mask[0]=11111111011111110111111111111111, sa_flags=SA_RESTART|SA_SIGINFO
SIGUSR1: SIG_DFL, sa_mask[0]=00000000000000000000000000000000, sa_flags=none
SIGUSR2: [libjvm.dylib+0x488c1e], sa_mask[0]=00100000000000000000000000000000, sa_flags=SA_RESTART|SA_SIGINFO
SIGHUP: [libjvm.dylib+0x4871f5], sa_mask[0]=11111111011111110111111111111111, sa_flags=SA_RESTART|SA_SIGINFO
SIGINT: [libjvm.dylib+0x4871f5], sa_mask[0]=11111111011111110111111111111111, sa_flags=SA_RESTART|SA_SIGINFO
SIGTERM: [libjvm.dylib+0x4871f5], sa_mask[0]=11111111011111110111111111111111, sa_flags=SA_RESTART|SA_SIGINFO
SIGQUIT: [libjvm.dylib+0x4871f5], sa_mask[0]=11111111011111110111111111111111, sa_flags=SA_RESTART|SA_SIGINFO


---------------  S Y S T E M  ---------------

OS:Bsduname:Darwin 17.4.0 Darwin Kernel Version 17.4.0: Sun Dec 17 09:19:54 PST 2017; root:xnu-4570.41.2~1/RELEASE_X86_64 x86_64
rlimit: STACK 8192k, CORE 0k, NPROC 709, NOFILE 10240, AS infinity
load average:5.91 6.87 7.22

CPU:total 4 (initial active 4) (2 cores per cpu, 2 threads per core) family 6 model 61 stepping 4, cmov, cx8, fxsr, mmx, sse, sse2, sse3, ssse3, sse4.1, sse4.2, popcnt, avx, avx2, aes, clmul, erms, rtm, 3dnowpref, lzcnt, ht, tsc, tscinvbit, bmi1, bmi2, adx

Memory: 4k page, physical 8388608k(31236k free)

/proc/meminfo:


vm_info: Java HotSpot(TM) 64-Bit Server VM (25.144-b01) for bsd-amd64 JRE (1.8.0_144-b01), built on Jul 21 2017 22:07:42 by "java_re" with gcc 4.2.1 (Based on Apple Inc. build 5658) (LLVM build 2336.11.00)

time: Mon Mar 12 01:28:05 2018
elapsed time: 2440 seconds (0d 0h 40m 40s)

